##############################################################################################################
#
# Rosetta crash log. Please submit the contents of this file to http://crash.rosettacommons.org/
# or use the script Rosetta/main/source/scripts/python/public/report_crashes.py
#

[START_CRASH_REPORT]
[ROSETTA_VERSION]: 2020.37+release.3ba1aaa
[COMMIT_DATE]: 2020-09-09T03:36:18.109196
[APPLICATION]: ../lib/rosetta/source/bin/docking_protocol.linuxgccrelease
[MODE]: Release
[EXTRAS]: default
[OS]: GNU/Linux
[COMPILER]: GCC version "9.3.0"
[STDLIB]: libstdc++ version 20200408
[START_OPTIONS]
 -in:file:s=mutated_intermediate/mutated_pmhc_complex.pdb -out:nstruct=1 -out:suffix=_local_refine -out:file:fullatom -out:path:all=docked_intermediate/ -packing:use_input_sc -packing:ex1 -packing:ex2aro -docking:partners=A_B -docking:docking_local_refine

[END_OPTIONS]

[START_BACKTRACE]: RAW_LIBC
/home/chem/rosetta/main/source/build/src/release/linux/5.4/64/x86/gcc/9/default/libutility.so(backtrace_string[abi:cxx11](int)+0x5a) [0x7faa16afceca]
/home/chem/rosetta/main/source/build/src/release/linux/5.4/64/x86/gcc/9/default/libutility.so(utility::excn::Exception::Exception(char const*, int, std::__cxx11::basic_string<char, std::char_traits<char>, std::allocator<char> > const&)+0x103) [0x7faa16afc593]
/home/chem/rosetta/main/source/build/src/release/linux/5.4/64/x86/gcc/9/default/libutility.so(utility::UtilityExitException::UtilityExitException(char const*, int, std::__cxx11::basic_string<char, std::char_traits<char>, std::allocator<char> > const&)+0x113) [0x7faa16bb6743]
/home/chem/rosetta/main/source/build/src/release/linux/5.4/64/x86/gcc/9/default/libutility.so(utility::exit(char const*, int, std::__cxx11::basic_string<char, std::char_traits<char>, std::allocator<char> > const&, int)+0x3b) [0x7faa16bb650b]
/home/chem/rosetta/main/source/build/src/release/linux/5.4/64/x86/gcc/9/default/libcore.6.so(core::import_pose::pose_from_file(core::pose::Pose&, core::chemical::ResidueTypeSet const&, std::__cxx11::basic_string<char, std::char_traits<char>, std::allocator<char> > const&, core::import_pose::ImportPoseOptions const&, bool, core::import_pose::FileType)+0x577) [0x7faa1349e977]
/home/chem/rosetta/main/source/build/src/release/linux/5.4/64/x86/gcc/9/default/libcore.6.so(core::import_pose::pose_from_file(core::pose::Pose&, std::__cxx11::basic_string<char, std::char_traits<char>, std::allocator<char> > const&, core::import_pose::ImportPoseOptions const&, bool, core::import_pose::FileType)+0x63) [0x7faa134a47b3]
/home/chem/rosetta/main/source/build/src/release/linux/5.4/64/x86/gcc/9/default/libcore.6.so(core::import_pose::pose_from_file(core::pose::Pose&, std::__cxx11::basic_string<char, std::char_traits<char>, std::allocator<char> > const&, bool, core::import_pose::FileType)+0x50) [0x7faa134a49c0]
/home/chem/rosetta/main/source/build/src/release/linux/5.4/64/x86/gcc/9/default/libprotocols.1.so(protocols::jd2::PDBJobInputter::pose_from_job(core::pose::Pose&, std::shared_ptr<protocols::jd2::Job>)+0x6a2) [0x7faa17c537b2]
/home/chem/rosetta/main/source/build/src/release/linux/5.4/64/x86/gcc/9/default/libprotocols.1.so(protocols::jd2::JobDistributor::run_one_job(std::shared_ptr<protocols::moves::Mover>&, long, std::__cxx11::basic_string<char, std::char_traits<char>, std::allocator<char> >&, std::__cxx11::basic_string<char, std::char_traits<char>, std::allocator<char> >&, unsigned long&, unsigned long&, bool)+0x2001) [0x7faa17c1f1c1]
/home/chem/rosetta/main/source/build/src/release/linux/5.4/64/x86/gcc/9/default/libprotocols.1.so(protocols::jd2::JobDistributor::go_main(std::shared_ptr<protocols::moves::Mover>)+0x238) [0x7faa17c21478]
/home/chem/rosetta/main/source/build/src/release/linux/5.4/64/x86/gcc/9/default/libprotocols.1.so(protocols::jd2::FileSystemJobDistributor::go(std::shared_ptr<protocols::moves::Mover>)+0x57) [0x7faa17c08147]
../lib/rosetta/source/bin/docking_protocol.linuxgccrelease(+0x3d10) [0x55815a961d10]
../lib/rosetta/source/bin/docking_protocol.linuxgccrelease(+0x38a0) [0x55815a9618a0]
/lib/x86_64-linux-gnu/libc.so.6(__libc_start_main+0xf3) [0x7faa164640b3]
../lib/rosetta/source/bin/docking_protocol.linuxgccrelease(+0x3a1e) [0x55815a961a1e]

[END_BACKTRACE]

[FILE]: src/core/import_pose/import_pose.cc
[LINE]: 362
[START_MESSAGE]
[ ERROR ] UtilityExitException
ERROR: Cannot open file "mutated_intermediate/mutated_pmhc_complex.pdb"



[END_MESSAGE]
[END_CRASH_REPORT]

##############################################################################################################
#
# Rosetta crash log. Please submit the contents of this file to http://crash.rosettacommons.org/
# or use the script Rosetta/main/source/scripts/python/public/report_crashes.py
#

[START_CRASH_REPORT]
[ROSETTA_VERSION]: 2020.37+release.3ba1aaa
[COMMIT_DATE]: 2020-09-09T03:36:18.109196
[APPLICATION]: ../lib/rosetta/source/bin/docking_protocol.linuxgccrelease
[MODE]: Release
[EXTRAS]: default
[OS]: GNU/Linux
[COMPILER]: GCC version "9.3.0"
[STDLIB]: libstdc++ version 20200408
[START_OPTIONS]
 -in:file:s=mutated_intermediate/mutated_pmhc_complex.pdb -out:nstruct=1 -out:suffix=_local_refine -out:file:fullatom -out:path:all=docked_intermediate/ -packing:use_input_sc -packing:ex1 -packing:ex2aro -docking:partners=A_B -docking:docking_local_refine

[END_OPTIONS]

[START_BACKTRACE]: RAW_LIBC
/home/chem/rosetta/main/source/build/src/release/linux/5.4/64/x86/gcc/9/default/libutility.so(utility::save_crash_report(char const*, std::__cxx11::basic_string<char, std::char_traits<char>, std::allocator<char> > const&, int)+0x38) [0x7f6b8d98c848]
/home/chem/rosetta/main/source/build/src/release/linux/5.4/64/x86/gcc/9/default/libutility.so(utility::signal_handler(int)+0xe8) [0x7f6b8d98c988]
/lib/x86_64-linux-gnu/libc.so.6(+0x46210) [0x7f6b8d25b210]
/home/chem/rosetta/main/source/build/src/release/linux/5.4/64/x86/gcc/9/default/libprotocols_h.5.so(protocols::docking::DockingProtocol::finalize_setup(core::pose::Pose&)+0x141e) [0x7f6b8efbddce]
/home/chem/rosetta/main/source/build/src/release/linux/5.4/64/x86/gcc/9/default/libprotocols_h.5.so(protocols::docking::DockingProtocol::apply(core::pose::Pose&)+0x1ae) [0x7f6b8efc015e]
/home/chem/rosetta/main/source/build/src/release/linux/5.4/64/x86/gcc/9/default/libprotocols.1.so(protocols::jd2::JobDistributor::run_one_job(std::shared_ptr<protocols::moves::Mover>&, long, std::__cxx11::basic_string<char, std::char_traits<char>, std::allocator<char> >&, std::__cxx11::basic_string<char, std::char_traits<char>, std::allocator<char> >&, unsigned long&, unsigned long&, bool)+0x1193) [0x7f6b8e9f6353]
/home/chem/rosetta/main/source/build/src/release/linux/5.4/64/x86/gcc/9/default/libprotocols.1.so(protocols::jd2::JobDistributor::go_main(std::shared_ptr<protocols::moves::Mover>)+0x238) [0x7f6b8e9f9478]
/home/chem/rosetta/main/source/build/src/release/linux/5.4/64/x86/gcc/9/default/libprotocols.1.so(protocols::jd2::FileSystemJobDistributor::go(std::shared_ptr<protocols::moves::Mover>)+0x57) [0x7f6b8e9e0147]
../lib/rosetta/source/bin/docking_protocol.linuxgccrelease(+0x3d10) [0x55b265e51d10]
../lib/rosetta/source/bin/docking_protocol.linuxgccrelease(+0x38a0) [0x55b265e518a0]
/lib/x86_64-linux-gnu/libc.so.6(__libc_start_main+0xf3) [0x7f6b8d23c0b3]
../lib/rosetta/source/bin/docking_protocol.linuxgccrelease(+0x3a1e) [0x55b265e51a1e]

[END_BACKTRACE]

[FILE]: SIGSEGV
[LINE]: 11
[START_MESSAGE]
Segmentation Fault

[END_MESSAGE]
[END_CRASH_REPORT]

