##############################################################################################################
#
# Rosetta crash log. Please submit the contents of this file to http://crash.rosettacommons.org/
# or use the script Rosetta/main/source/scripts/python/public/report_crashes.py
#

[START_CRASH_REPORT]
[ROSETTA_VERSION]: 2020.37+release.3ba1aaa
[COMMIT_DATE]: 2020-09-09T03:36:18.109196
[APPLICATION]: UNKNOWN APPLICATION
[MODE]: Release
[EXTRAS]: default
[OS]: GNU/Linux
[COMPILER]: GCC version "9.3.0"
[STDLIB]: libstdc++ version 20200408
[START_OPTIONS]
NO OPTIONS SPECIFIED

[END_OPTIONS]

[START_BACKTRACE]: RAW_LIBC
/home/chem/rosetta/main/source/build/src/release/linux/5.4/64/x86/gcc/9/default/libutility.so(backtrace_string[abi:cxx11](int)+0x5a) [0x7f6215c36eca]
/home/chem/rosetta/main/source/build/src/release/linux/5.4/64/x86/gcc/9/default/libutility.so(utility::excn::Exception::Exception(char const*, int, std::__cxx11::basic_string<char, std::char_traits<char>, std::allocator<char> > const&)+0x103) [0x7f6215c36593]
/home/chem/rosetta/main/source/build/src/release/linux/5.4/64/x86/gcc/9/default/libutility.so(+0x19dd44) [0x7f6215b18d44]
/home/chem/rosetta/main/source/build/src/release/linux/5.4/64/x86/gcc/9/default/libutility.so(utility::options::OptionCollection::load(std::__cxx11::basic_string<char, std::char_traits<char>, std::allocator<char> >, std::__cxx11::list<std::__cxx11::basic_string<char, std::char_traits<char>, std::allocator<char> >, std::allocator<std::__cxx11::basic_string<char, std::char_traits<char>, std::allocator<char> > > >&, bool)+0x21b) [0x7f6215b6e4eb]
/home/chem/rosetta/main/source/build/src/release/linux/5.4/64/x86/gcc/9/default/libutility.so(utility::options::OptionCollection::load(int, char* const*, bool)+0x17d) [0x7f6215b6edcd]
/home/chem/rosetta/main/source/build/src/release/linux/5.4/64/x86/gcc/9/default/libcore.6.so(core::init::init_options(int, char**)+0x24) [0x7f6213b35a34]
/home/chem/rosetta/main/source/build/src/release/linux/5.4/64/x86/gcc/9/default/libcore.6.so(core::init::init(int, char**)+0x2b) [0x7f6213b39ffb]
../../../source/bin/score_jd2.default.linuxgccrelease(+0x8442) [0x5628dd6cc442]
/lib/x86_64-linux-gnu/libc.so.6(__libc_start_main+0xf3) [0x7f62155a40b3]
../../../source/bin/score_jd2.default.linuxgccrelease(+0x8fce) [0x5628dd6ccfce]

[END_BACKTRACE]

[FILE]: src/utility/options/OptionCollection.cc
[LINE]: 573
[START_MESSAGE]
Option file open failed for: 'general_score_flags'

[END_MESSAGE]
[END_CRASH_REPORT]

##############################################################################################################
#
# Rosetta crash log. Please submit the contents of this file to http://crash.rosettacommons.org/
# or use the script Rosetta/main/source/scripts/python/public/report_crashes.py
#

[START_CRASH_REPORT]
[ROSETTA_VERSION]: 2020.37+release.3ba1aaa
[COMMIT_DATE]: 2020-09-09T03:36:18.109196
[APPLICATION]: UNKNOWN APPLICATION
[MODE]: Release
[EXTRAS]: default
[OS]: GNU/Linux
[COMPILER]: GCC version "9.3.0"
[STDLIB]: libstdc++ version 20200408
[START_OPTIONS]
NO OPTIONS SPECIFIED

[END_OPTIONS]

[START_BACKTRACE]: RAW_LIBC
/home/chem/rosetta/main/source/build/src/release/linux/5.4/64/x86/gcc/9/default/libutility.so(backtrace_string[abi:cxx11](int)+0x5a) [0x7f32e7799eca]
/home/chem/rosetta/main/source/build/src/release/linux/5.4/64/x86/gcc/9/default/libutility.so(utility::excn::Exception::Exception(char const*, int, std::__cxx11::basic_string<char, std::char_traits<char>, std::allocator<char> > const&)+0x103) [0x7f32e7799593]
/home/chem/rosetta/main/source/build/src/release/linux/5.4/64/x86/gcc/9/default/libutility.so(+0x19dd44) [0x7f32e767bd44]
/home/chem/rosetta/main/source/build/src/release/linux/5.4/64/x86/gcc/9/default/libutility.so(utility::options::OptionCollection::load(std::__cxx11::basic_string<char, std::char_traits<char>, std::allocator<char> >, std::__cxx11::list<std::__cxx11::basic_string<char, std::char_traits<char>, std::allocator<char> >, std::allocator<std::__cxx11::basic_string<char, std::char_traits<char>, std::allocator<char> > > >&, bool)+0x21b) [0x7f32e76d14eb]
/home/chem/rosetta/main/source/build/src/release/linux/5.4/64/x86/gcc/9/default/libutility.so(utility::options::OptionCollection::load(int, char* const*, bool)+0x17d) [0x7f32e76d1dcd]
/home/chem/rosetta/main/source/build/src/release/linux/5.4/64/x86/gcc/9/default/libcore.6.so(core::init::init_options(int, char**)+0x24) [0x7f32e5005a34]
/home/chem/rosetta/main/source/build/src/release/linux/5.4/64/x86/gcc/9/default/libcore.6.so(core::init::init(int, char**)+0x2b) [0x7f32e5009ffb]
../../../source/bin/relax.default.linuxgccrelease(+0x12c7) [0x5630cfc1e2c7]
/lib/x86_64-linux-gnu/libc.so.6(__libc_start_main+0xf3) [0x7f32e71050b3]
../../../source/bin/relax.default.linuxgccrelease(+0x136e) [0x5630cfc1e36e]

[END_BACKTRACE]

[FILE]: src/utility/options/OptionCollection.cc
[LINE]: 573
[START_MESSAGE]
Option file open failed for: 'general_score_flags'

[END_MESSAGE]
[END_CRASH_REPORT]

##############################################################################################################
#
# Rosetta crash log. Please submit the contents of this file to http://crash.rosettacommons.org/
# or use the script Rosetta/main/source/scripts/python/public/report_crashes.py
#

[START_CRASH_REPORT]
[ROSETTA_VERSION]: 2020.37+release.3ba1aaa
[COMMIT_DATE]: 2020-09-09T03:36:18.109196
[APPLICATION]: UNKNOWN APPLICATION
[MODE]: Release
[EXTRAS]: default
[OS]: GNU/Linux
[COMPILER]: GCC version "9.3.0"
[STDLIB]: libstdc++ version 20200408
[START_OPTIONS]
NO OPTIONS SPECIFIED

[END_OPTIONS]

[START_BACKTRACE]: RAW_LIBC
/home/chem/rosetta/main/source/build/src/release/linux/5.4/64/x86/gcc/9/default/libutility.so(backtrace_string[abi:cxx11](int)+0x5a) [0x7fbb11a80eca]
/home/chem/rosetta/main/source/build/src/release/linux/5.4/64/x86/gcc/9/default/libutility.so(utility::excn::Exception::Exception(char const*, int, std::__cxx11::basic_string<char, std::char_traits<char>, std::allocator<char> > const&)+0x103) [0x7fbb11a80593]
/home/chem/rosetta/main/source/build/src/release/linux/5.4/64/x86/gcc/9/default/libutility.so(+0x19df11) [0x7fbb11962f11]
/home/chem/rosetta/main/source/build/src/release/linux/5.4/64/x86/gcc/9/default/libutility.so(utility::options::OptionCollection::load(int, char* const*, bool)+0x17d) [0x7fbb119b8dcd]
/home/chem/rosetta/main/source/build/src/release/linux/5.4/64/x86/gcc/9/default/libcore.6.so(core::init::init_options(int, char**)+0x24) [0x7fbb0f2eca34]
/home/chem/rosetta/main/source/build/src/release/linux/5.4/64/x86/gcc/9/default/libcore.6.so(core::init::init(int, char**)+0x2b) [0x7fbb0f2f0ffb]
../../../source/bin/relax.default.linuxgccrelease(+0x12c7) [0x55efd26472c7]
/lib/x86_64-linux-gnu/libc.so.6(__libc_start_main+0xf3) [0x7fbb113ec0b3]
../../../source/bin/relax.default.linuxgccrelease(+0x136e) [0x55efd264736e]

[END_BACKTRACE]

[FILE]: src/utility/options/OptionCollection.cc
[LINE]: 348
[START_MESSAGE]
ERROR: Unused "free" argument specified: suffix

[END_MESSAGE]
[END_CRASH_REPORT]

