##############################################################################################################
#
# Rosetta crash log. Please submit the contents of this file to http://crash.rosettacommons.org/
# or use the script Rosetta/main/source/scripts/python/public/report_crashes.py
#

[START_CRASH_REPORT]
[ROSETTA_VERSION]: 2020.37+release.3ba1aaa
[COMMIT_DATE]: 2020-09-09T03:36:18.109196
[APPLICATION]: ../lib/rosetta/source/bin/docking_protocol.linuxgccrelease
[MODE]: Release
[EXTRAS]: default
[OS]: GNU/Linux
[COMPILER]: GCC version "9.3.0"
[STDLIB]: libstdc++ version 20200408
[START_OPTIONS]
 -in:file:s=mutated_intermediate/mutated_pmhc_complex.pdb -out:nstruct=1 -out:suffix=_local_refine -out:file:fullatom -out:path:all=docked_intermediate/ -packing:use_input_sc -packing:ex1 -packing:ex2aro -docking:partners=A_B -docking:docking_local_refine

[END_OPTIONS]

[START_BACKTRACE]: RAW_LIBC
/home/chem/rosetta/main/source/build/src/release/linux/5.4/64/x86/gcc/9/default/libutility.so(backtrace_string[abi:cxx11](int)+0x5a) [0x7ff9a8c4deca]
/home/chem/rosetta/main/source/build/src/release/linux/5.4/64/x86/gcc/9/default/libutility.so(utility::excn::Exception::Exception(char const*, int, std::__cxx11::basic_string<char, std::char_traits<char>, std::allocator<char> > const&)+0x103) [0x7ff9a8c4d593]
/home/chem/rosetta/main/source/build/src/release/linux/5.4/64/x86/gcc/9/default/libutility.so(utility::UtilityExitException::UtilityExitException(char const*, int, std::__cxx11::basic_string<char, std::char_traits<char>, std::allocator<char> > const&)+0x113) [0x7ff9a8d07743]
/home/chem/rosetta/main/source/build/src/release/linux/5.4/64/x86/gcc/9/default/libutility.so(utility::exit(char const*, int, std::__cxx11::basic_string<char, std::char_traits<char>, std::allocator<char> > const&, int)+0x3b) [0x7ff9a8d0750b]
/home/chem/rosetta/main/source/build/src/release/linux/5.4/64/x86/gcc/9/default/libcore.6.so(core::import_pose::pose_from_file(core::pose::Pose&, core::chemical::ResidueTypeSet const&, std::__cxx11::basic_string<char, std::char_traits<char>, std::allocator<char> > const&, core::import_pose::ImportPoseOptions const&, bool, core::import_pose::FileType)+0x577) [0x7ff9a55ef977]
/home/chem/rosetta/main/source/build/src/release/linux/5.4/64/x86/gcc/9/default/libcore.6.so(core::import_pose::pose_from_file(core::pose::Pose&, std::__cxx11::basic_string<char, std::char_traits<char>, std::allocator<char> > const&, core::import_pose::ImportPoseOptions const&, bool, core::import_pose::FileType)+0x63) [0x7ff9a55f57b3]
/home/chem/rosetta/main/source/build/src/release/linux/5.4/64/x86/gcc/9/default/libcore.6.so(core::import_pose::pose_from_file(core::pose::Pose&, std::__cxx11::basic_string<char, std::char_traits<char>, std::allocator<char> > const&, bool, core::import_pose::FileType)+0x50) [0x7ff9a55f59c0]
/home/chem/rosetta/main/source/build/src/release/linux/5.4/64/x86/gcc/9/default/libprotocols.1.so(protocols::jd2::PDBJobInputter::pose_from_job(core::pose::Pose&, std::shared_ptr<protocols::jd2::Job>)+0x6a2) [0x7ff9a9da47b2]
/home/chem/rosetta/main/source/build/src/release/linux/5.4/64/x86/gcc/9/default/libprotocols.1.so(protocols::jd2::JobDistributor::run_one_job(std::shared_ptr<protocols::moves::Mover>&, long, std::__cxx11::basic_string<char, std::char_traits<char>, std::allocator<char> >&, std::__cxx11::basic_string<char, std::char_traits<char>, std::allocator<char> >&, unsigned long&, unsigned long&, bool)+0x2001) [0x7ff9a9d701c1]
/home/chem/rosetta/main/source/build/src/release/linux/5.4/64/x86/gcc/9/default/libprotocols.1.so(protocols::jd2::JobDistributor::go_main(std::shared_ptr<protocols::moves::Mover>)+0x238) [0x7ff9a9d72478]
/home/chem/rosetta/main/source/build/src/release/linux/5.4/64/x86/gcc/9/default/libprotocols.1.so(protocols::jd2::FileSystemJobDistributor::go(std::shared_ptr<protocols::moves::Mover>)+0x57) [0x7ff9a9d59147]
../lib/rosetta/source/bin/docking_protocol.linuxgccrelease(+0x3d10) [0x5614db630d10]
../lib/rosetta/source/bin/docking_protocol.linuxgccrelease(+0x38a0) [0x5614db6308a0]
/lib/x86_64-linux-gnu/libc.so.6(__libc_start_main+0xf3) [0x7ff9a85b50b3]
../lib/rosetta/source/bin/docking_protocol.linuxgccrelease(+0x3a1e) [0x5614db630a1e]

[END_BACKTRACE]

[FILE]: src/core/import_pose/import_pose.cc
[LINE]: 362
[START_MESSAGE]
[ ERROR ] UtilityExitException
ERROR: Cannot open file "mutated_intermediate/mutated_pmhc_complex.pdb"



[END_MESSAGE]
[END_CRASH_REPORT]

